<?xml version="1.0" encoding="UTF-8"?>
<testsuite xmlns:xsi="http://www.w3.org/2001/XMLSchema-instance" xsi:noNamespaceSchemaLocation="https://maven.apache.org/surefire/maven-surefire-plugin/xsd/surefire-test-report.xsd" version="3.0.1" name="testRunners.MyTestRunnerTest" time="25.251" tests="6" errors="0" skipped="0" failures="0">
  <properties>
[...]
</properties>
  <testcase name="Basic job search" classname="Job Search Page Feature" time="5.551">
    <system-out><![CDATA[
@job_search
Scenario: Basic job search                                          &amp#27;[90m# src/test/resources/com.features/JobSearchPage.feature:4&amp#27;[0m
Browser value is : chrome
  &amp#27;[32mGiven &amp#27;[0m&amp#27;[32mI am a jobseeker on NHS Jobs website&amp#27;[0m                        &amp#27;[90m# stepdefinitions.JobSearchPageSteps.user_is_on_job_search_page()&amp#27;[0m
  &amp#27;[32mWhen &amp#27;[0m&amp#27;[32mI enters job title &amp#27;[0m&amp#27;[32m&amp#27;[1m"Test Engineer"&amp#27;[0m                           &amp#27;[90m# stepdefinitions.JobSearchPageSteps.i_enters_job_title(java.lang.String)&amp#27;[0m
  &amp#27;[32mAnd &amp#27;[0m&amp#27;[32mI enters town &amp#27;[0m&amp#27;[32m&amp#27;[1m"Newcastle Upon Tyne"&amp#27;[0m                           &amp#27;[90m# stepdefinitions.JobSearchPageSteps.i_enters_town(java.lang.String)&amp#27;[0m
  &amp#27;[32mAnd &amp#27;[0m&amp#27;[32mI clicks on Search button&amp#27;[0m                                     &amp#27;[90m# stepdefinitions.JobSearchPageSteps.i_clicks_on_search_button()&amp#27;[0m
  &amp#27;[32mThen &amp#27;[0m&amp#27;[32mI should get a list of jobs which matches my preferences&amp#27;[0m     &amp#27;[90m# stepdefinitions.JobSearchResultPageSteps.i_should_get_a_list_of_jobs_which_matches_my_preferences()&amp#27;[0m
  &amp#27;[32mAnd &amp#27;[0m&amp#27;[32mI sort my search results with &amp#27;[0m&amp#27;[32m&amp#27;[1m"publicationDateDesc"&amp#27;[0m           &amp#27;[90m# stepdefinitions.JobSearchResultPageSteps.i_sort_my_search_results_with_the_newest_Date_Posted(java.lang.String)&amp#27;[0m
  &amp#27;[32mThen &amp#27;[0m&amp#27;[32mI should get sorted list of jobs which matches my preference&amp#27;[0m &amp#27;[90m# stepdefinitions.JobSearchResultPageSteps.i_should_get_sorted_list_of_jobs_which_matches_my_preference()&amp#27;[0m
]]></system-out>
    <system-err><![CDATA[SLF4J(W): No SLF4J providers were found.
SLF4J(W): Defaulting to no-operation (NOP) logger implementation
SLF4J(W): See https://www.slf4j.org/codes.html#noProviders for further details.
Jun 25, 2025 4:56:59 PM org.openqa.selenium.devtools.CdpVersionFinder findNearestMatch
WARNING: Unable to find an exact match for CDP version 138, returning the closest version; found: 137; Please update to a Selenium version that supports CDP version 138
]]></system-err>
  </testcase>
  <testcase name="Job search without Job Title value" classname="Job Search Page Feature" time="4.964">
    <system-out><![CDATA[
@job_search
Scenario: Job search without Job Title value                        &amp#27;[90m# src/test/resources/com.features/JobSearchPage.feature:14&amp#27;[0m
Browser value is : chrome
  &amp#27;[32mGiven &amp#27;[0m&amp#27;[32mI am a jobseeker on NHS Jobs website&amp#27;[0m                        &amp#27;[90m# stepdefinitions.JobSearchPageSteps.user_is_on_job_search_page()&amp#27;[0m
  &amp#27;[32mWhen &amp#27;[0m&amp#27;[32mI enters job title &amp#27;[0m&amp#27;[32m&amp#27;[1m""&amp#27;[0m                                        &amp#27;[90m# stepdefinitions.JobSearchPageSteps.i_enters_job_title(java.lang.String)&amp#27;[0m
  &amp#27;[32mAnd &amp#27;[0m&amp#27;[32mI enters town &amp#27;[0m&amp#27;[32m&amp#27;[1m"Newcastle Upon Tyne"&amp#27;[0m                           &amp#27;[90m# stepdefinitions.JobSearchPageSteps.i_enters_town(java.lang.String)&amp#27;[0m
  &amp#27;[32mAnd &amp#27;[0m&amp#27;[32mI clicks on Search button&amp#27;[0m                                     &amp#27;[90m# stepdefinitions.JobSearchPageSteps.i_clicks_on_search_button()&amp#27;[0m
  &amp#27;[32mThen &amp#27;[0m&amp#27;[32mI should get a list of jobs with town preferences&amp#27;[0m            &amp#27;[90m# stepdefinitions.JobSearchResultPageSteps.i_should_get_a_list_of_jobs_with_town_preferences()&amp#27;[0m
  &amp#27;[32mAnd &amp#27;[0m&amp#27;[32mI sort my search results with &amp#27;[0m&amp#27;[32m&amp#27;[1m"publicationDateDesc"&amp#27;[0m           &amp#27;[90m# stepdefinitions.JobSearchResultPageSteps.i_sort_my_search_results_with_the_newest_Date_Posted(java.lang.String)&amp#27;[0m
  &amp#27;[32mThen &amp#27;[0m&amp#27;[32mI should get sorted list of jobs which matches my preference&amp#27;[0m &amp#27;[90m# stepdefinitions.JobSearchResultPageSteps.i_should_get_sorted_list_of_jobs_which_matches_my_preference()&amp#27;[0m
]]></system-out>
    <system-err><![CDATA[Jun 25, 2025 4:57:04 PM org.openqa.selenium.devtools.CdpVersionFinder findNearestMatch
WARNING: Unable to find an exact match for CDP version 138, returning the closest version; found: 137; Please update to a Selenium version that supports CDP version 138
]]></system-err>
  </testcase>
  <testcase name="Job search without Town value" classname="Job Search Page Feature" time="3.458">
    <system-out><![CDATA[
@job_search
Scenario: Job search without Town value                             &amp#27;[90m# src/test/resources/com.features/JobSearchPage.feature:24&amp#27;[0m
Browser value is : chrome
  &amp#27;[32mGiven &amp#27;[0m&amp#27;[32mI am a jobseeker on NHS Jobs website&amp#27;[0m                        &amp#27;[90m# stepdefinitions.JobSearchPageSteps.user_is_on_job_search_page()&amp#27;[0m
  &amp#27;[32mWhen &amp#27;[0m&amp#27;[32mI enters job title &amp#27;[0m&amp#27;[32m&amp#27;[1m"Care Assistant"&amp#27;[0m                          &amp#27;[90m# stepdefinitions.JobSearchPageSteps.i_enters_job_title(java.lang.String)&amp#27;[0m
  &amp#27;[32mAnd &amp#27;[0m&amp#27;[32mI enters town &amp#27;[0m&amp#27;[32m&amp#27;[1m""&amp#27;[0m                                              &amp#27;[90m# stepdefinitions.JobSearchPageSteps.i_enters_town(java.lang.String)&amp#27;[0m
  &amp#27;[32mAnd &amp#27;[0m&amp#27;[32mI clicks on Search button&amp#27;[0m                                     &amp#27;[90m# stepdefinitions.JobSearchPageSteps.i_clicks_on_search_button()&amp#27;[0m
  &amp#27;[32mThen &amp#27;[0m&amp#27;[32mI should get a list of jobs with Job Title preferences&amp#27;[0m       &amp#27;[90m# stepdefinitions.JobSearchResultPageSteps.i_should_get_a_list_of_jobs_with_job_title_preferences()&amp#27;[0m
  &amp#27;[32mAnd &amp#27;[0m&amp#27;[32mI sort my search results with &amp#27;[0m&amp#27;[32m&amp#27;[1m"publicationDateDesc"&amp#27;[0m           &amp#27;[90m# stepdefinitions.JobSearchResultPageSteps.i_sort_my_search_results_with_the_newest_Date_Posted(java.lang.String)&amp#27;[0m
  &amp#27;[32mThen &amp#27;[0m&amp#27;[32mI should get sorted list of jobs which matches my preference&amp#27;[0m &amp#27;[90m# stepdefinitions.JobSearchResultPageSteps.i_should_get_sorted_list_of_jobs_which_matches_my_preference()&amp#27;[0m
]]></system-out>
    <system-err><![CDATA[Jun 25, 2025 4:57:09 PM org.openqa.selenium.devtools.CdpVersionFinder findNearestMatch
WARNING: Unable to find an exact match for CDP version 138, returning the closest version; found: 137; Please update to a Selenium version that supports CDP version 138
]]></system-err>
  </testcase>
  <testcase name="Job search without passing any filter value" classname="Job Search Page Feature" time="4.782">
    <system-out><![CDATA[
@job_search
Scenario: Job search without passing any filter value     &amp#27;[90m# src/test/resources/com.features/JobSearchPage.feature:34&amp#27;[0m
Browser value is : chrome
  &amp#27;[32mGiven &amp#27;[0m&amp#27;[32mI am a jobseeker on NHS Jobs website&amp#27;[0m              &amp#27;[90m# stepdefinitions.JobSearchPageSteps.user_is_on_job_search_page()&amp#27;[0m
  &amp#27;[32mWhen &amp#27;[0m&amp#27;[32mI clicks on Search button&amp#27;[0m                          &amp#27;[90m# stepdefinitions.JobSearchPageSteps.i_clicks_on_search_button()&amp#27;[0m
  &amp#27;[32mAnd &amp#27;[0m&amp#27;[32mI sort my search results with &amp#27;[0m&amp#27;[32m&amp#27;[1m"publicationDateDesc"&amp#27;[0m &amp#27;[90m# stepdefinitions.JobSearchResultPageSteps.i_sort_my_search_results_with_the_newest_Date_Posted(java.lang.String)&amp#27;[0m
  &amp#27;[32mThen &amp#27;[0m&amp#27;[32mI should get a list of jobs&amp#27;[0m                        &amp#27;[90m# stepdefinitions.JobSearchResultPageSteps.i_should_get_a_list_of_jobs()&amp#27;[0m
]]></system-out>
    <system-err><![CDATA[Jun 25, 2025 4:57:13 PM org.openqa.selenium.devtools.CdpVersionFinder findNearestMatch
WARNING: Unable to find an exact match for CDP version 138, returning the closest version; found: 137; Please update to a Selenium version that supports CDP version 138
]]></system-err>
  </testcase>
  <testcase name="Job search with invalid job title #1" classname="Job Search Page Feature" time="3.296">
    <system-out><![CDATA[
@job_search
Scenario: Job search with invalid job title  &amp#27;[90m# src/test/resources/com.features/JobSearchPage.feature:41&amp#27;[0m
Browser value is : chrome
  &amp#27;[32mGiven &amp#27;[0m&amp#27;[32mI am a jobseeker on NHS Jobs website&amp#27;[0m &amp#27;[90m# stepdefinitions.JobSearchPageSteps.user_is_on_job_search_page()&amp#27;[0m
  &amp#27;[32mWhen &amp#27;[0m&amp#27;[32mI enters job title &amp#27;[0m&amp#27;[32m&amp#27;[1m"@£$%^&*("&amp#27;[0m         &amp#27;[90m# stepdefinitions.JobSearchPageSteps.i_enters_job_title(java.lang.String)&amp#27;[0m
  &amp#27;[32mAnd &amp#27;[0m&amp#27;[32mI enters town &amp#27;[0m&amp#27;[32m&amp#27;[1m"Newcastle Upon Tyne"&amp#27;[0m    &amp#27;[90m# stepdefinitions.JobSearchPageSteps.i_enters_town(java.lang.String)&amp#27;[0m
  &amp#27;[32mAnd &amp#27;[0m&amp#27;[32mI clicks on Search button&amp#27;[0m              &amp#27;[90m# stepdefinitions.JobSearchPageSteps.i_clicks_on_search_button()&amp#27;[0m
  &amp#27;[32mThen &amp#27;[0m&amp#27;[32mI should get No result found message&amp#27;[0m  &amp#27;[90m# stepdefinitions.JobSearchResultPageSteps.i_should_get_no_result_found_message()&amp#27;[0m
]]></system-out>
    <system-err><![CDATA[Jun 25, 2025 4:57:17 PM org.openqa.selenium.devtools.CdpVersionFinder findNearestMatch
WARNING: Unable to find an exact match for CDP version 138, returning the closest version; found: 137; Please update to a Selenium version that supports CDP version 138
]]></system-err>
  </testcase>
  <testcase name="Job search with invalid job title #2" classname="Job Search Page Feature" time="3.171">
    <system-out><![CDATA[
@job_search
Scenario: Job search with invalid job title    &amp#27;[90m# src/test/resources/com.features/JobSearchPage.feature:49&amp#27;[0m
Browser value is : chrome
  &amp#27;[32mGiven &amp#27;[0m&amp#27;[32mI am a jobseeker on NHS Jobs website&amp#27;[0m   &amp#27;[90m# stepdefinitions.JobSearchPageSteps.user_is_on_job_search_page()&amp#27;[0m
  &amp#27;[32mWhen &amp#27;[0m&amp#27;[32mI enters job title &amp#27;[0m&amp#27;[32m&amp#27;[1m"Test Engineer"&amp#27;[0m      &amp#27;[90m# stepdefinitions.JobSearchPageSteps.i_enters_job_title(java.lang.String)&amp#27;[0m
  &amp#27;[32mAnd &amp#27;[0m&amp#27;[32mI enters town &amp#27;[0m&amp#27;[32m&amp#27;[1m"!@£$%^&*"&amp#27;[0m                 &amp#27;[90m# stepdefinitions.JobSearchPageSteps.i_enters_town(java.lang.String)&amp#27;[0m
  &amp#27;[32mAnd &amp#27;[0m&amp#27;[32mI clicks on Search button&amp#27;[0m                &amp#27;[90m# stepdefinitions.JobSearchPageSteps.i_clicks_on_search_button()&amp#27;[0m
  &amp#27;[32mThen &amp#27;[0m&amp#27;[32mI should get Location not found message&amp#27;[0m &amp#27;[90m# stepdefinitions.JobSearchResultPageSteps.i_should_get_location_not_found_message()&amp#27;[0m
]]></system-out>
    <system-err><![CDATA[Jun 25, 2025 4:57:21 PM org.openqa.selenium.devtools.CdpVersionFinder findNearestMatch
WARNING: Unable to find an exact match for CDP version 138, returning the closest version; found: 137; Please update to a Selenium version that supports CDP version 138
]]></system-err>
  </testcase>
</testsuite>